0 info it worked if it ends with ok
1 verbose cli [ '/usr/local/bin/node',
1 verbose cli   '/usr/local/bin/npm',
1 verbose cli   'run',
1 verbose cli   'devserver' ]
2 info using npm@3.10.8
3 info using node@v6.9.1
4 verbose run-script [ 'predevserver', 'devserver', 'postdevserver' ]
5 info lifecycle angular-os@0.0.1~predevserver: angular-os@0.0.1
6 silly lifecycle angular-os@0.0.1~predevserver: no script for predevserver, continuing
7 info lifecycle angular-os@0.0.1~devserver: angular-os@0.0.1
8 verbose lifecycle angular-os@0.0.1~devserver: unsafe-perm in lifecycle true
9 verbose lifecycle angular-os@0.0.1~devserver: PATH: /usr/local/lib/node_modules/npm/bin/node-gyp-bin:/Users/admin/DEV/angularOS/node_modules/.bin:/usr/bin:/bin:/usr/sbin:/sbin:/usr/local/bin:/DEV/android-sdk/tools:/DEV/android-sdk/platform-tools
10 verbose lifecycle angular-os@0.0.1~devserver: CWD: /Users/admin/DEV/angularOS
11 silly lifecycle angular-os@0.0.1~devserver: Args: [ '-c',
11 silly lifecycle   'webpack-dev-server --inline --hot --colors --content-base src --hot --debug --port 8090' ]
12 silly lifecycle angular-os@0.0.1~devserver: Returned: code: 1  signal: null
13 info lifecycle angular-os@0.0.1~devserver: Failed to exec devserver script
14 verbose stack Error: angular-os@0.0.1 devserver: `webpack-dev-server --inline --hot --colors --content-base src --hot --debug --port 8090`
14 verbose stack Exit status 1
14 verbose stack     at EventEmitter.<anonymous> (/usr/local/lib/node_modules/npm/lib/utils/lifecycle.js:255:16)
14 verbose stack     at emitTwo (events.js:106:13)
14 verbose stack     at EventEmitter.emit (events.js:191:7)
14 verbose stack     at ChildProcess.<anonymous> (/usr/local/lib/node_modules/npm/lib/utils/spawn.js:40:14)
14 verbose stack     at emitTwo (events.js:106:13)
14 verbose stack     at ChildProcess.emit (events.js:191:7)
14 verbose stack     at maybeClose (internal/child_process.js:877:16)
14 verbose stack     at Process.ChildProcess._handle.onexit (internal/child_process.js:226:5)
15 verbose pkgid angular-os@0.0.1
16 verbose cwd /Users/admin/DEV/angularOS
17 error Darwin 16.3.0
18 error argv "/usr/local/bin/node" "/usr/local/bin/npm" "run" "devserver"
19 error node v6.9.1
20 error npm  v3.10.8
21 error code ELIFECYCLE
22 error angular-os@0.0.1 devserver: `webpack-dev-server --inline --hot --colors --content-base src --hot --debug --port 8090`
22 error Exit status 1
23 error Failed at the angular-os@0.0.1 devserver script 'webpack-dev-server --inline --hot --colors --content-base src --hot --debug --port 8090'.
23 error Make sure you have the latest version of node.js and npm installed.
23 error If you do, this is most likely a problem with the angular-os package,
23 error not with npm itself.
23 error Tell the author that this fails on your system:
23 error     webpack-dev-server --inline --hot --colors --content-base src --hot --debug --port 8090
23 error You can get information on how to open an issue for this project with:
23 error     npm bugs angular-os
23 error Or if that isn't available, you can get their info via:
23 error     npm owner ls angular-os
23 error There is likely additional logging output above.
24 verbose exit [ 1, true ]
